# JRE version: OpenJDK Runtime Environment Temurin-21.0.7+6 (21.0.7+6) (build 21.0.7+6-LTS)
# Java VM: OpenJDK 64-Bit Server VM Temurin-21.0.7+6 (21.0.7+6-LTS, mixed mode, sharing, tiered, compressed oops, compressed class ptrs, parallel gc, windows-amd64)
GC Precious Log:
 CardTable entry size: 512
 CPUs: 12 total, 12 available
 Memory: 5989M
 Large Page Support: Disabled
 NUMA Support: Disabled
 Compressed Oops: Enabled (32-bit)
 Alignments: Space 512K, Generation 512K, Heap 2M
 Heap Min Capacity: 100M
 Heap Initial Capacity: 100M
 Heap Max Capacity: 1G
 Pre-touch: Disabled
 Parallel Workers: 10
Heap:
 PSYoungGen      total 20992K, used 3184K [0x00000000eab00000, 0x00000000ec900000, 0x0000000100000000)
  eden space 19456K, 8% used [0x00000000eab00000,0x00000000eac9c398,0x00000000ebe00000)
  from space 1536K, 100% used [0x00000000ec780000,0x00000000ec900000,0x00000000ec900000)
  to   space 5120K, 0% used [0x00000000ebf00000,0x00000000ebf00000,0x00000000ec400000)
 ParOldGen       total 68608K, used 58348K [0x00000000c0000000, 0x00000000c4300000, 0x00000000eab00000)
  object space 68608K, 85% used [0x00000000c0000000,0x00000000c38fb378,0x00000000c4300000)
 Metaspace       used 36784K, committed 37696K, reserved 1114112K
  class space    used 3583K, committed 3968K, reserved 1048576K
GC Heap History (20 events):
Event: 15.717 GC heap before
{Heap before GC invocations=44 (full 2):
 PSYoungGen      total 20992K, used 20973K [0x00000000eab00000, 0x00000000ed800000, 0x0000000100000000)
  eden space 19456K, 100% used [0x00000000eab00000,0x00000000ebe00000,0x00000000ebe00000)
  from space 1536K, 98% used [0x00000000ebe00000,0x00000000ebf7b510,0x00000000ebf80000)
  to   space 13312K, 0% used [0x00000000ecb00000,0x00000000ecb00000,0x00000000ed800000)
 ParOldGen       total 68608K, used 46643K [0x00000000c0000000, 0x00000000c4300000, 0x00000000eab00000)
  object space 68608K, 67% used [0x00000000c0000000,0x00000000c2d8cc38,0x00000000c4300000)
 Metaspace       used 36645K, committed 37568K, reserved 1114112K
  class space    used 3567K, committed 3968K, reserved 1048576K
}
Event: 15.723 GC heap after
{Heap after GC invocations=44 (full 2):
 PSYoungGen      total 19968K, used 128K [0x00000000eab00000, 0x00000000ecb80000, 0x0000000100000000)
  eden space 19456K, 0% used [0x00000000eab00000,0x00000000eab00000,0x00000000ebe00000)
  from space 512K, 25% used [0x00000000ecb00000,0x00000000ecb20000,0x00000000ecb80000)
  to   space 4608K, 0% used [0x00000000ec280000,0x00000000ec280000,0x00000000ec700000)
 ParOldGen       total 68608K, used 48208K [0x00000000c0000000, 0x00000000c4300000, 0x00000000eab00000)
  object space 68608K, 70% used [0x00000000c0000000,0x00000000c2f14148,0x00000000c4300000)
 Metaspace       used 36645K, committed 37568K, reserved 1114112K
  class space    used 3567K, committed 3968K, reserved 1048576K
}
Event: 15.756 GC heap before
{Heap before GC invocations=45 (full 2):
 PSYoungGen      total 19968K, used 19584K [0x00000000eab00000, 0x00000000ecb80000, 0x0000000100000000)
  eden space 19456K, 100% used [0x00000000eab00000,0x00000000ebe00000,0x00000000ebe00000)
  from space 512K, 25% used [0x00000000ecb00000,0x00000000ecb20000,0x00000000ecb80000)
  to   space 4608K, 0% used [0x00000000ec280000,0x00000000ec280000,0x00000000ec700000)
 ParOldGen       total 68608K, used 48208K [0x00000000c0000000, 0x00000000c4300000, 0x00000000eab00000)
  object space 68608K, 70% used [0x00000000c0000000,0x00000000c2f14148,0x00000000c4300000)
 Metaspace       used 36645K, committed 37568K, reserved 1114112K
  class space    used 3567K, committed 3968K, reserved 1048576K
}
Event: 15.757 GC heap after
{Heap after GC invocations=45 (full 2):
 PSYoungGen      total 24064K, used 96K [0x00000000eab00000, 0x00000000ecb80000, 0x0000000100000000)
  eden space 19456K, 0% used [0x00000000eab00000,0x00000000eab00000,0x00000000ebe00000)
  from space 4608K, 2% used [0x00000000ec280000,0x00000000ec298000,0x00000000ec700000)
  to   space 1024K, 0% used [0x00000000eca80000,0x00000000eca80000,0x00000000ecb80000)
 ParOldGen       total 68608K, used 48232K [0x00000000c0000000, 0x00000000c4300000, 0x00000000eab00000)
  object space 68608K, 70% used [0x00000000c0000000,0x00000000c2f1a148,0x00000000c4300000)
 Metaspace       used 36645K, committed 37568K, reserved 1114112K
  class space    used 3567K, committed 3968K, reserved 1048576K
}
Event: 15.812 GC heap before
{Heap before GC invocations=46 (full 2):
 PSYoungGen      total 24064K, used 19552K [0x00000000eab00000, 0x00000000ecb80000, 0x0000000100000000)
  eden space 19456K, 100% used [0x00000000eab00000,0x00000000ebe00000,0x00000000ebe00000)
  from space 4608K, 2% used [0x00000000ec280000,0x00000000ec298000,0x00000000ec700000)
  to   space 1024K, 0% used [0x00000000eca80000,0x00000000eca80000,0x00000000ecb80000)
 ParOldGen       total 68608K, used 48232K [0x00000000c0000000, 0x00000000c4300000, 0x00000000eab00000)
  object space 68608K, 70% used [0x00000000c0000000,0x00000000c2f1a148,0x00000000c4300000)
 Metaspace       used 36654K, committed 37568K, reserved 1114112K
  class space    used 3568K, committed 3968K, reserved 1048576K
}
Event: 15.815 GC heap after
{Heap after GC invocations=46 (full 2):
 PSYoungGen      total 20480K, used 1024K [0x00000000eab00000, 0x00000000ecb80000, 0x0000000100000000)
  eden space 19456K, 0% used [0x00000000eab00000,0x00000000eab00000,0x00000000ebe00000)
  from space 1024K, 100% used [0x00000000eca80000,0x00000000ecb80000,0x00000000ecb80000)
  to   space 1536K, 0% used [0x00000000ec880000,0x00000000ec880000,0x00000000eca00000)
 ParOldGen       total 68608K, used 48264K [0x00000000c0000000, 0x00000000c4300000, 0x00000000eab00000)
  object space 68608K, 70% used [0x00000000c0000000,0x00000000c2f22148,0x00000000c4300000)
 Metaspace       used 36654K, committed 37568K, reserved 1114112K
  class space    used 3568K, committed 3968K, reserved 1048576K
}
Event: 15.862 GC heap before
{Heap before GC invocations=47 (full 2):
 PSYoungGen      total 20480K, used 20480K [0x00000000eab00000, 0x00000000ecb80000, 0x0000000100000000)
  eden space 19456K, 100% used [0x00000000eab00000,0x00000000ebe00000,0x00000000ebe00000)
  from space 1024K, 100% used [0x00000000eca80000,0x00000000ecb80000,0x00000000ecb80000)
  to   space 1536K, 0% used [0x00000000ec880000,0x00000000ec880000,0x00000000eca00000)
 ParOldGen       total 68608K, used 48264K [0x00000000c0000000, 0x00000000c4300000, 0x00000000eab00000)
  object space 68608K, 70% used [0x00000000c0000000,0x00000000c2f22148,0x00000000c4300000)
 Metaspace       used 36654K, committed 37568K, reserved 1114112K
  class space    used 3568K, committed 3968K, reserved 1048576K
}
Event: 15.866 GC heap after
{Heap after GC invocations=47 (full 2):
 PSYoungGen      total 20992K, used 1280K [0x00000000eab00000, 0x00000000ecb00000, 0x0000000100000000)
  eden space 19456K, 0% used [0x00000000eab00000,0x00000000eab00000,0x00000000ebe00000)
  from space 1536K, 83% used [0x00000000ec880000,0x00000000ec9c0000,0x00000000eca00000)
  to   space 1024K, 0% used [0x00000000eca00000,0x00000000eca00000,0x00000000ecb00000)
 ParOldGen       total 68608K, used 49272K [0x00000000c0000000, 0x00000000c4300000, 0x00000000eab00000)
  object space 68608K, 71% used [0x00000000c0000000,0x00000000c301e148,0x00000000c4300000)
 Metaspace       used 36654K, committed 37568K, reserved 1114112K
  class space    used 3568K, committed 3968K, reserved 1048576K
}
Event: 15.900 GC heap before
{Heap before GC invocations=48 (full 2):
 PSYoungGen      total 20992K, used 20736K [0x00000000eab00000, 0x00000000ecb00000, 0x0000000100000000)
  eden space 19456K, 100% used [0x00000000eab00000,0x00000000ebe00000,0x00000000ebe00000)
  from space 1536K, 83% used [0x00000000ec880000,0x00000000ec9c0000,0x00000000eca00000)
  to   space 1024K, 0% used [0x00000000eca00000,0x00000000eca00000,0x00000000ecb00000)
 ParOldGen       total 68608K, used 49272K [0x00000000c0000000, 0x00000000c4300000, 0x00000000eab00000)
  object space 68608K, 71% used [0x00000000c0000000,0x00000000c301e148,0x00000000c4300000)
 Metaspace       used 36654K, committed 37568K, reserved 1114112K
  class space    used 3568K, committed 3968K, reserved 1048576K
}
Event: 15.903 GC heap after
{Heap after GC invocations=48 (full 2):
 PSYoungGen      total 20480K, used 896K [0x00000000eab00000, 0x00000000ecb00000, 0x0000000100000000)
  eden space 19456K, 0% used [0x00000000eab00000,0x00000000eab00000,0x00000000ebe00000)
  from space 1024K, 87% used [0x00000000eca00000,0x00000000ecae0000,0x00000000ecb00000)
  to   space 1536K, 0% used [0x00000000ec800000,0x00000000ec800000,0x00000000ec980000)
 ParOldGen       total 68608K, used 50520K [0x00000000c0000000, 0x00000000c4300000, 0x00000000eab00000)
  object space 68608K, 73% used [0x00000000c0000000,0x00000000c31561d0,0x00000000c4300000)
 Metaspace       used 36654K, committed 37568K, reserved 1114112K
  class space    used 3568K, committed 3968K, reserved 1048576K
}
Event: 15.922 GC heap before
{Heap before GC invocations=49 (full 2):
 PSYoungGen      total 20480K, used 20340K [0x00000000eab00000, 0x00000000ecb00000, 0x0000000100000000)
  eden space 19456K, 99% used [0x00000000eab00000,0x00000000ebdfd390,0x00000000ebe00000)
  from space 1024K, 87% used [0x00000000eca00000,0x00000000ecae0000,0x00000000ecb00000)
  to   space 1536K, 0% used [0x00000000ec800000,0x00000000ec800000,0x00000000ec980000)
 ParOldGen       total 68608K, used 50520K [0x00000000c0000000, 0x00000000c4300000, 0x00000000eab00000)
  object space 68608K, 73% used [0x00000000c0000000,0x00000000c31561d0,0x00000000c4300000)
 Metaspace       used 36654K, committed 37568K, reserved 1114112K
  class space    used 3568K, committed 3968K, reserved 1048576K
}
Event: 15.924 GC heap after
{Heap after GC invocations=49 (full 2):
 PSYoungGen      total 20992K, used 352K [0x00000000eab00000, 0x00000000eca80000, 0x0000000100000000)
  eden space 19456K, 0% used [0x00000000eab00000,0x00000000eab00000,0x00000000ebe00000)
  from space 1536K, 22% used [0x00000000ec800000,0x00000000ec858000,0x00000000ec980000)
  to   space 1024K, 0% used [0x00000000ec980000,0x00000000ec980000,0x00000000eca80000)
 ParOldGen       total 68608K, used 51288K [0x00000000c0000000, 0x00000000c4300000, 0x00000000eab00000)
  object space 68608K, 74% used [0x00000000c0000000,0x00000000c32161d0,0x00000000c4300000)
 Metaspace       used 36654K, committed 37568K, reserved 1114112K
  class space    used 3568K, committed 3968K, reserved 1048576K
}
Event: 15.956 GC heap before
{Heap before GC invocations=50 (full 2):
 PSYoungGen      total 20992K, used 19808K [0x00000000eab00000, 0x00000000eca80000, 0x0000000100000000)
  eden space 19456K, 100% used [0x00000000eab00000,0x00000000ebe00000,0x00000000ebe00000)
  from space 1536K, 22% used [0x00000000ec800000,0x00000000ec858000,0x00000000ec980000)
  to   space 1024K, 0% used [0x00000000ec980000,0x00000000ec980000,0x00000000eca80000)
 ParOldGen       total 68608K, used 51288K [0x00000000c0000000, 0x00000000c4300000, 0x00000000eab00000)
  object space 68608K, 74% used [0x00000000c0000000,0x00000000c32161d0,0x00000000c4300000)
 Metaspace       used 36654K, committed 37568K, reserved 1114112K
  class space    used 3568K, committed 3968K, reserved 1048576K
}
Event: 15.957 GC heap after
{Heap after GC invocations=50 (full 2):
 PSYoungGen      total 20480K, used 1024K [0x00000000eab00000, 0x00000000eca80000, 0x0000000100000000)
  eden space 19456K, 0% used [0x00000000eab00000,0x00000000eab00000,0x00000000ebe00000)
  from space 1024K, 100% used [0x00000000ec980000,0x00000000eca80000,0x00000000eca80000)
  to   space 2048K, 0% used [0x00000000ec680000,0x00000000ec680000,0x00000000ec880000)
 ParOldGen       total 68608K, used 51752K [0x00000000c0000000, 0x00000000c4300000, 0x00000000eab00000)
  object space 68608K, 75% used [0x00000000c0000000,0x00000000c328a1d0,0x00000000c4300000)
 Metaspace       used 36654K, committed 37568K, reserved 1114112K
  class space    used 3568K, committed 3968K, reserved 1048576K
}
Event: 15.997 GC heap before
{Heap before GC invocations=51 (full 2):
 PSYoungGen      total 20480K, used 20480K [0x00000000eab00000, 0x00000000eca80000, 0x0000000100000000)
  eden space 19456K, 100% used [0x00000000eab00000,0x00000000ebe00000,0x00000000ebe00000)
  from space 1024K, 100% used [0x00000000ec980000,0x00000000eca80000,0x00000000eca80000)
  to   space 2048K, 0% used [0x00000000ec680000,0x00000000ec680000,0x00000000ec880000)
 ParOldGen       total 68608K, used 51752K [0x00000000c0000000, 0x00000000c4300000, 0x00000000eab00000)
  object space 68608K, 75% used [0x00000000c0000000,0x00000000c328a1d0,0x00000000c4300000)
 Metaspace       used 36654K, committed 37568K, reserved 1114112K
  class space    used 3568K, committed 3968K, reserved 1048576K
}
Event: 15.999 GC heap after
{Heap after GC invocations=51 (full 2):
 PSYoungGen      total 21504K, used 1600K [0x00000000eab00000, 0x00000000eca00000, 0x0000000100000000)
  eden space 19456K, 0% used [0x00000000eab00000,0x00000000eab00000,0x00000000ebe00000)
  from space 2048K, 78% used [0x00000000ec680000,0x00000000ec810000,0x00000000ec880000)
  to   space 1536K, 0% used [0x00000000ec880000,0x00000000ec880000,0x00000000eca00000)
 ParOldGen       total 68608K, used 52798K [0x00000000c0000000, 0x00000000c4300000, 0x00000000eab00000)
  object space 68608K, 76% used [0x00000000c0000000,0x00000000c338fa60,0x00000000c4300000)
 Metaspace       used 36654K, committed 37568K, reserved 1114112K
  class space    used 3568K, committed 3968K, reserved 1048576K
}
Event: 16.037 GC heap before
{Heap before GC invocations=52 (full 2):
 PSYoungGen      total 21504K, used 21056K [0x00000000eab00000, 0x00000000eca00000, 0x0000000100000000)
  eden space 19456K, 100% used [0x00000000eab00000,0x00000000ebe00000,0x00000000ebe00000)
  from space 2048K, 78% used [0x00000000ec680000,0x00000000ec810000,0x00000000ec880000)
  to   space 1536K, 0% used [0x00000000ec880000,0x00000000ec880000,0x00000000eca00000)
 ParOldGen       total 68608K, used 52798K [0x00000000c0000000, 0x00000000c4300000, 0x00000000eab00000)
  object space 68608K, 76% used [0x00000000c0000000,0x00000000c338fa60,0x00000000c4300000)
 Metaspace       used 36654K, committed 37568K, reserved 1114112K
  class space    used 3568K, committed 3968K, reserved 1048576K
}
Event: 16.039 GC heap after
{Heap after GC invocations=52 (full 2):
 PSYoungGen      total 20992K, used 1504K [0x00000000eab00000, 0x00000000eca00000, 0x0000000100000000)
  eden space 19456K, 0% used [0x00000000eab00000,0x00000000eab00000,0x00000000ebe00000)
  from space 1536K, 97% used [0x00000000ec880000,0x00000000ec9f8000,0x00000000eca00000)
  to   space 2048K, 0% used [0x00000000ec600000,0x00000000ec600000,0x00000000ec800000)
 ParOldGen       total 68608K, used 54278K [0x00000000c0000000, 0x00000000c4300000, 0x00000000eab00000)
  object space 68608K, 79% used [0x00000000c0000000,0x00000000c3501a60,0x00000000c4300000)
 Metaspace       used 36654K, committed 37568K, reserved 1114112K
  class space    used 3568K, committed 3968K, reserved 1048576K
}
Event: 16.075 GC heap before
{Heap before GC invocations=53 (full 2):
 PSYoungGen      total 20992K, used 20960K [0x00000000eab00000, 0x00000000eca00000, 0x0000000100000000)
  eden space 19456K, 100% used [0x00000000eab00000,0x00000000ebe00000,0x00000000ebe00000)
  from space 1536K, 97% used [0x00000000ec880000,0x00000000ec9f8000,0x00000000eca00000)
  to   space 2048K, 0% used [0x00000000ec600000,0x00000000ec600000,0x00000000ec800000)
 ParOldGen       total 68608K, used 54278K [0x00000000c0000000, 0x00000000c4300000, 0x00000000eab00000)
  object space 68608K, 79% used [0x00000000c0000000,0x00000000c3501a60,0x00000000c4300000)
 Metaspace       used 36654K, committed 37568K, reserved 1114112K
  class space    used 3568K, committed 3968K, reserved 1048576K
}
Event: 16.077 GC heap after
{Heap after GC invocations=53 (full 2):
 PSYoungGen      total 20992K, used 1088K [0x00000000eab00000, 0x00000000ec900000, 0x0000000100000000)
  eden space 19456K, 0% used [0x00000000eab00000,0x00000000eab00000,0x00000000ebe00000)
  from space 1536K, 70% used [0x00000000ec600000,0x00000000ec710000,0x00000000ec780000)
  to   space 1536K, 0% used [0x00000000ec780000,0x00000000ec780000,0x00000000ec900000)
 ParOldGen       total 68608K, used 55614K [0x00000000c0000000, 0x00000000c4300000, 0x00000000eab00000)
  object space 68608K, 81% used [0x00000000c0000000,0x00000000c364fa60,0x00000000c4300000)
 Metaspace       used 36654K, committed 37568K, reserved 1114112K
  class space    used 3568K, committed 3968K, reserved 1048576K
}

