# JRE version: OpenJDK Runtime Environment Temurin-17.0.12+7 (17.0.12+7) (build 17.0.12+7)
# Java VM: OpenJDK 64-Bit Server VM Temurin-17.0.12+7 (17.0.12+7, mixed mode, sharing, tiered, compressed oops, compressed class ptrs, g1 gc, windows-amd64)
GC Precious Log:
 CPUs: 12 total, 12 available
 Memory: 5989M
 Large Page Support: Disabled
 NUMA Support: Disabled
 Compressed Oops: Enabled (32-bit)
 Heap Region Size: 1M
 Heap Min Capacity: 8M
 Heap Initial Capacity: 94M
 Heap Max Capacity: 1498M
 Pre-touch: Disabled
 Parallel Workers: 10
 Concurrent Workers: 3
 Concurrent Refinement Workers: 10
 Periodic GC: Disabled
Heap:
 garbage-first heap   total 96256K, used 29371K [0x00000000a2600000, 0x0000000100000000)
  region size 1024K, 13 young (13312K), 1 survivors (1024K)
 Metaspace       used 21289K, committed 21504K, reserved 1114112K
  class space    used 2387K, committed 2496K, reserved 1048576K
GC Heap History (10 events):
Event: 1.609 GC heap before
{Heap before GC invocations=0 (full 0):
 garbage-first heap   total 96256K, used 23552K [0x00000000a2600000, 0x0000000100000000)
  region size 1024K, 23 young (23552K), 0 survivors (0K)
 Metaspace       used 7455K, committed 7680K, reserved 1114112K
  class space    used 855K, committed 960K, reserved 1048576K
}
Event: 1.621 GC heap after
{Heap after GC invocations=1 (full 0):
 garbage-first heap   total 96256K, used 4260K [0x00000000a2600000, 0x0000000100000000)
  region size 1024K, 3 young (3072K), 3 survivors (3072K)
 Metaspace       used 7455K, committed 7680K, reserved 1114112K
  class space    used 855K, committed 960K, reserved 1048576K
}
Event: 2.466 GC heap before
{Heap before GC invocations=1 (full 0):
 garbage-first heap   total 96256K, used 33956K [0x00000000a2600000, 0x0000000100000000)
  region size 1024K, 32 young (32768K), 3 survivors (3072K)
 Metaspace       used 10743K, committed 10944K, reserved 1114112K
  class space    used 1268K, committed 1344K, reserved 1048576K
}
Event: 2.474 GC heap after
{Heap after GC invocations=2 (full 0):
 garbage-first heap   total 96256K, used 5854K [0x00000000a2600000, 0x0000000100000000)
  region size 1024K, 2 young (2048K), 2 survivors (2048K)
 Metaspace       used 10743K, committed 10944K, reserved 1114112K
  class space    used 1268K, committed 1344K, reserved 1048576K
}
Event: 4.152 GC heap before
{Heap before GC invocations=2 (full 0):
 garbage-first heap   total 96256K, used 61150K [0x00000000a2600000, 0x0000000100000000)
  region size 1024K, 56 young (57344K), 2 survivors (2048K)
 Metaspace       used 17233K, committed 17408K, reserved 1114112K
  class space    used 2029K, committed 2112K, reserved 1048576K
}
Event: 4.182 GC heap after
{Heap after GC invocations=3 (full 0):
 garbage-first heap   total 96256K, used 11907K [0x00000000a2600000, 0x0000000100000000)
  region size 1024K, 7 young (7168K), 7 survivors (7168K)
 Metaspace       used 17233K, committed 17408K, reserved 1114112K
  class space    used 2029K, committed 2112K, reserved 1048576K
}
Event: 6.228 GC heap before
{Heap before GC invocations=3 (full 0):
 garbage-first heap   total 96256K, used 62083K [0x00000000a2600000, 0x0000000100000000)
  region size 1024K, 56 young (57344K), 7 survivors (7168K)
 Metaspace       used 17879K, committed 18112K, reserved 1114112K
  class space    used 2057K, committed 2176K, reserved 1048576K
}
Event: 6.255 GC heap after
{Heap after GC invocations=4 (full 0):
 garbage-first heap   total 96256K, used 15310K [0x00000000a2600000, 0x0000000100000000)
  region size 1024K, 4 young (4096K), 4 survivors (4096K)
 Metaspace       used 17879K, committed 18112K, reserved 1114112K
  class space    used 2057K, committed 2176K, reserved 1048576K
}
Event: 7.950 GC heap before
{Heap before GC invocations=4 (full 0):
 garbage-first heap   total 96256K, used 67534K [0x00000000a2600000, 0x0000000100000000)
  region size 1024K, 55 young (56320K), 4 survivors (4096K)
 Metaspace       used 18844K, committed 19072K, reserved 1114112K
  class space    used 2155K, committed 2240K, reserved 1048576K
}
Event: 7.960 GC heap after
{Heap after GC invocations=5 (full 0):
 garbage-first heap   total 96256K, used 17583K [0x00000000a2600000, 0x0000000100000000)
  region size 1024K, 6 young (6144K), 6 survivors (6144K)
 Metaspace       used 18844K, committed 19072K, reserved 1114112K
  class space    used 2155K, committed 2240K, reserved 1048576K
}

