# JRE version: OpenJDK Runtime Environment Temurin-21.0.7+6 (21.0.7+6) (build 21.0.7+6-LTS)
# Java VM: OpenJDK 64-Bit Server VM Temurin-21.0.7+6 (21.0.7+6-LTS, mixed mode, sharing, tiered, compressed oops, compressed class ptrs, parallel gc, windows-amd64)
GC Precious Log:
 CardTable entry size: 512
 CPUs: 12 total, 12 available
 Memory: 5989M
 Large Page Support: Disabled
 NUMA Support: Disabled
 Compressed Oops: Enabled (32-bit)
 Alignments: Space 512K, Generation 512K, Heap 2M
 Heap Min Capacity: 100M
 Heap Initial Capacity: 100M
 Heap Max Capacity: 1G
 Pre-touch: Disabled
 Parallel Workers: 10
Heap:
 PSYoungGen      total 22528K, used 16230K [0x00000000eab00000, 0x00000000ecc00000, 0x0000000100000000)
  eden space 22016K, 71% used [0x00000000eab00000,0x00000000eba5db80,0x00000000ec080000)
  from space 512K, 96% used [0x00000000ecb80000,0x00000000ecbfc010,0x00000000ecc00000)
  to   space 2048K, 0% used [0x00000000ec800000,0x00000000ec800000,0x00000000eca00000)
 ParOldGen       total 106496K, used 24174K [0x00000000c0000000, 0x00000000c6800000, 0x00000000eab00000)
  object space 106496K, 22% used [0x00000000c0000000,0x00000000c179baf8,0x00000000c6800000)
 Metaspace       used 30094K, committed 30976K, reserved 1114112K
  class space    used 2933K, committed 3328K, reserved 1048576K
GC Heap History (20 events):
Event: 8.878 GC heap before
{Heap before GC invocations=30 (full 0):
 PSYoungGen      total 22528K, used 22528K [0x00000000eab00000, 0x00000000edb80000, 0x0000000100000000)
  eden space 22016K, 100% used [0x00000000eab00000,0x00000000ec080000,0x00000000ec080000)
  from space 512K, 100% used [0x00000000ec500000,0x00000000ec580000,0x00000000ec580000)
  to   space 13824K, 0% used [0x00000000ece00000,0x00000000ece00000,0x00000000edb80000)
 ParOldGen       total 104448K, used 104165K [0x00000000c0000000, 0x00000000c6600000, 0x00000000eab00000)
  object space 104448K, 99% used [0x00000000c0000000,0x00000000c65b9538,0x00000000c6600000)
 Metaspace       used 17410K, committed 18048K, reserved 1114112K
  class space    used 1758K, committed 2048K, reserved 1048576K
}
Event: 8.882 GC heap after
{Heap after GC invocations=30 (full 0):
 PSYoungGen      total 25088K, used 2816K [0x00000000eab00000, 0x00000000ed100000, 0x0000000100000000)
  eden space 22016K, 0% used [0x00000000eab00000,0x00000000eab00000,0x00000000ec080000)
  from space 3072K, 91% used [0x00000000ece00000,0x00000000ed0c0200,0x00000000ed100000)
  to   space 6144K, 0% used [0x00000000ec500000,0x00000000ec500000,0x00000000ecb00000)
 ParOldGen       total 104960K, used 104717K [0x00000000c0000000, 0x00000000c6680000, 0x00000000eab00000)
  object space 104960K, 99% used [0x00000000c0000000,0x00000000c6643538,0x00000000c6680000)
 Metaspace       used 17410K, committed 18048K, reserved 1114112K
  class space    used 1758K, committed 2048K, reserved 1048576K
}
Event: 9.245 GC heap before
{Heap before GC invocations=31 (full 0):
 PSYoungGen      total 25088K, used 24832K [0x00000000eab00000, 0x00000000ed100000, 0x0000000100000000)
  eden space 22016K, 100% used [0x00000000eab00000,0x00000000ec080000,0x00000000ec080000)
  from space 3072K, 91% used [0x00000000ece00000,0x00000000ed0c0200,0x00000000ed100000)
  to   space 6144K, 0% used [0x00000000ec500000,0x00000000ec500000,0x00000000ecb00000)
 ParOldGen       total 104960K, used 104717K [0x00000000c0000000, 0x00000000c6680000, 0x00000000eab00000)
  object space 104960K, 99% used [0x00000000c0000000,0x00000000c6643538,0x00000000c6680000)
 Metaspace       used 20184K, committed 20864K, reserved 1114112K
  class space    used 1939K, committed 2240K, reserved 1048576K
}
Event: 9.248 GC heap after
{Heap after GC invocations=31 (full 0):
 PSYoungGen      total 28160K, used 498K [0x00000000eab00000, 0x00000000ece80000, 0x0000000100000000)
  eden space 22016K, 0% used [0x00000000eab00000,0x00000000eab00000,0x00000000ec080000)
  from space 6144K, 8% used [0x00000000ec500000,0x00000000ec57c970,0x00000000ecb00000)
  to   space 2048K, 0% used [0x00000000ecc80000,0x00000000ecc80000,0x00000000ece80000)
 ParOldGen       total 106496K, used 106101K [0x00000000c0000000, 0x00000000c6800000, 0x00000000eab00000)
  object space 106496K, 99% used [0x00000000c0000000,0x00000000c679d438,0x00000000c6800000)
 Metaspace       used 20184K, committed 20864K, reserved 1114112K
  class space    used 1939K, committed 2240K, reserved 1048576K
}
Event: 9.335 GC heap before
{Heap before GC invocations=32 (full 0):
 PSYoungGen      total 28160K, used 5241K [0x00000000eab00000, 0x00000000ece80000, 0x0000000100000000)
  eden space 22016K, 21% used [0x00000000eab00000,0x00000000eafa1b28,0x00000000ec080000)
  from space 6144K, 8% used [0x00000000ec500000,0x00000000ec57c970,0x00000000ecb00000)
  to   space 2048K, 0% used [0x00000000ecc80000,0x00000000ecc80000,0x00000000ece80000)
 ParOldGen       total 106496K, used 106101K [0x00000000c0000000, 0x00000000c6800000, 0x00000000eab00000)
  object space 106496K, 99% used [0x00000000c0000000,0x00000000c679d438,0x00000000c6800000)
 Metaspace       used 20880K, committed 21504K, reserved 1114112K
  class space    used 2000K, committed 2304K, reserved 1048576K
}
Event: 9.336 GC heap after
{Heap after GC invocations=32 (full 0):
 PSYoungGen      total 22528K, used 288K [0x00000000eab00000, 0x00000000ecd00000, 0x0000000100000000)
  eden space 22016K, 0% used [0x00000000eab00000,0x00000000eab00000,0x00000000ec080000)
  from space 512K, 56% used [0x00000000ecc80000,0x00000000eccc8000,0x00000000ecd00000)
  to   space 1024K, 0% used [0x00000000ecb00000,0x00000000ecb00000,0x00000000ecc00000)
 ParOldGen       total 106496K, used 106309K [0x00000000c0000000, 0x00000000c6800000, 0x00000000eab00000)
  object space 106496K, 99% used [0x00000000c0000000,0x00000000c67d1458,0x00000000c6800000)
 Metaspace       used 20880K, committed 21504K, reserved 1114112K
  class space    used 2000K, committed 2304K, reserved 1048576K
}
Event: 9.336 GC heap before
{Heap before GC invocations=33 (full 1):
 PSYoungGen      total 22528K, used 288K [0x00000000eab00000, 0x00000000ecd00000, 0x0000000100000000)
  eden space 22016K, 0% used [0x00000000eab00000,0x00000000eab00000,0x00000000ec080000)
  from space 512K, 56% used [0x00000000ecc80000,0x00000000eccc8000,0x00000000ecd00000)
  to   space 1024K, 0% used [0x00000000ecb00000,0x00000000ecb00000,0x00000000ecc00000)
 ParOldGen       total 106496K, used 106309K [0x00000000c0000000, 0x00000000c6800000, 0x00000000eab00000)
  object space 106496K, 99% used [0x00000000c0000000,0x00000000c67d1458,0x00000000c6800000)
 Metaspace       used 20880K, committed 21504K, reserved 1114112K
  class space    used 2000K, committed 2304K, reserved 1048576K
}
Event: 9.374 GC heap after
{Heap after GC invocations=33 (full 1):
 PSYoungGen      total 22528K, used 0K [0x00000000eab00000, 0x00000000ecd00000, 0x0000000100000000)
  eden space 22016K, 0% used [0x00000000eab00000,0x00000000eab00000,0x00000000ec080000)
  from space 512K, 0% used [0x00000000ecc80000,0x00000000ecc80000,0x00000000ecd00000)
  to   space 1024K, 0% used [0x00000000ecb00000,0x00000000ecb00000,0x00000000ecc00000)
 ParOldGen       total 106496K, used 19217K [0x00000000c0000000, 0x00000000c6800000, 0x00000000eab00000)
  object space 106496K, 18% used [0x00000000c0000000,0x00000000c12c46b0,0x00000000c6800000)
 Metaspace       used 20867K, committed 21504K, reserved 1114112K
  class space    used 1996K, committed 2304K, reserved 1048576K
}
Event: 9.546 GC heap before
{Heap before GC invocations=34 (full 1):
 PSYoungGen      total 22528K, used 22016K [0x00000000eab00000, 0x00000000ecd00000, 0x0000000100000000)
  eden space 22016K, 100% used [0x00000000eab00000,0x00000000ec080000,0x00000000ec080000)
  from space 512K, 0% used [0x00000000ecc80000,0x00000000ecc80000,0x00000000ecd00000)
  to   space 1024K, 0% used [0x00000000ecb00000,0x00000000ecb00000,0x00000000ecc00000)
 ParOldGen       total 106496K, used 19217K [0x00000000c0000000, 0x00000000c6800000, 0x00000000eab00000)
  object space 106496K, 18% used [0x00000000c0000000,0x00000000c12c46b0,0x00000000c6800000)
 Metaspace       used 22301K, committed 22912K, reserved 1114112K
  class space    used 2088K, committed 2368K, reserved 1048576K
}
Event: 9.548 GC heap after
{Heap after GC invocations=34 (full 1):
 PSYoungGen      total 23040K, used 430K [0x00000000eab00000, 0x00000000ecd00000, 0x0000000100000000)
  eden space 22016K, 0% used [0x00000000eab00000,0x00000000eab00000,0x00000000ec080000)
  from space 1024K, 42% used [0x00000000ecb00000,0x00000000ecb6b890,0x00000000ecc00000)
  to   space 512K, 0% used [0x00000000ecc80000,0x00000000ecc80000,0x00000000ecd00000)
 ParOldGen       total 106496K, used 20788K [0x00000000c0000000, 0x00000000c6800000, 0x00000000eab00000)
  object space 106496K, 19% used [0x00000000c0000000,0x00000000c144d0d0,0x00000000c6800000)
 Metaspace       used 22301K, committed 22912K, reserved 1114112K
  class space    used 2088K, committed 2368K, reserved 1048576K
}
Event: 9.893 GC heap before
{Heap before GC invocations=35 (full 1):
 PSYoungGen      total 23040K, used 22446K [0x00000000eab00000, 0x00000000ecd00000, 0x0000000100000000)
  eden space 22016K, 100% used [0x00000000eab00000,0x00000000ec080000,0x00000000ec080000)
  from space 1024K, 42% used [0x00000000ecb00000,0x00000000ecb6b890,0x00000000ecc00000)
  to   space 512K, 0% used [0x00000000ecc80000,0x00000000ecc80000,0x00000000ecd00000)
 ParOldGen       total 106496K, used 20788K [0x00000000c0000000, 0x00000000c6800000, 0x00000000eab00000)
  object space 106496K, 19% used [0x00000000c0000000,0x00000000c144d0d0,0x00000000c6800000)
 Metaspace       used 24875K, committed 25664K, reserved 1114112K
  class space    used 2316K, committed 2624K, reserved 1048576K
}
Event: 9.896 GC heap after
{Heap after GC invocations=35 (full 1):
 PSYoungGen      total 22528K, used 496K [0x00000000eab00000, 0x00000000ecd00000, 0x0000000100000000)
  eden space 22016K, 0% used [0x00000000eab00000,0x00000000eab00000,0x00000000ec080000)
  from space 512K, 97% used [0x00000000ecc80000,0x00000000eccfc360,0x00000000ecd00000)
  to   space 2048K, 0% used [0x00000000ec900000,0x00000000ec900000,0x00000000ecb00000)
 ParOldGen       total 106496K, used 21993K [0x00000000c0000000, 0x00000000c6800000, 0x00000000eab00000)
  object space 106496K, 20% used [0x00000000c0000000,0x00000000c157a5a0,0x00000000c6800000)
 Metaspace       used 24875K, committed 25664K, reserved 1114112K
  class space    used 2316K, committed 2624K, reserved 1048576K
}
Event: 10.216 GC heap before
{Heap before GC invocations=36 (full 1):
 PSYoungGen      total 22528K, used 22481K [0x00000000eab00000, 0x00000000ecd00000, 0x0000000100000000)
  eden space 22016K, 99% used [0x00000000eab00000,0x00000000ec078390,0x00000000ec080000)
  from space 512K, 97% used [0x00000000ecc80000,0x00000000eccfc360,0x00000000ecd00000)
  to   space 2048K, 0% used [0x00000000ec900000,0x00000000ec900000,0x00000000ecb00000)
 ParOldGen       total 106496K, used 21993K [0x00000000c0000000, 0x00000000c6800000, 0x00000000eab00000)
  object space 106496K, 20% used [0x00000000c0000000,0x00000000c157a5a0,0x00000000c6800000)
 Metaspace       used 26897K, committed 27776K, reserved 1114112K
  class space    used 2572K, committed 2944K, reserved 1048576K
}
Event: 10.218 GC heap after
{Heap after GC invocations=36 (full 1):
 PSYoungGen      total 24064K, used 883K [0x00000000eab00000, 0x00000000ecd00000, 0x0000000100000000)
  eden space 22016K, 0% used [0x00000000eab00000,0x00000000eab00000,0x00000000ec080000)
  from space 2048K, 43% used [0x00000000ec900000,0x00000000ec9dced8,0x00000000ecb00000)
  to   space 1536K, 0% used [0x00000000ecb80000,0x00000000ecb80000,0x00000000ecd00000)
 ParOldGen       total 106496K, used 22503K [0x00000000c0000000, 0x00000000c6800000, 0x00000000eab00000)
  object space 106496K, 21% used [0x00000000c0000000,0x00000000c15f9cc8,0x00000000c6800000)
 Metaspace       used 26897K, committed 27776K, reserved 1114112K
  class space    used 2572K, committed 2944K, reserved 1048576K
}
Event: 10.273 GC heap before
{Heap before GC invocations=37 (full 1):
 PSYoungGen      total 24064K, used 22899K [0x00000000eab00000, 0x00000000ecd00000, 0x0000000100000000)
  eden space 22016K, 100% used [0x00000000eab00000,0x00000000ec080000,0x00000000ec080000)
  from space 2048K, 43% used [0x00000000ec900000,0x00000000ec9dced8,0x00000000ecb00000)
  to   space 1536K, 0% used [0x00000000ecb80000,0x00000000ecb80000,0x00000000ecd00000)
 ParOldGen       total 106496K, used 22503K [0x00000000c0000000, 0x00000000c6800000, 0x00000000eab00000)
  object space 106496K, 21% used [0x00000000c0000000,0x00000000c15f9cc8,0x00000000c6800000)
 Metaspace       used 27209K, committed 28032K, reserved 1114112K
  class space    used 2607K, committed 2944K, reserved 1048576K
}
Event: 10.275 GC heap after
{Heap after GC invocations=37 (full 1):
 PSYoungGen      total 22528K, used 320K [0x00000000eab00000, 0x00000000ecc00000, 0x0000000100000000)
  eden space 22016K, 0% used [0x00000000eab00000,0x00000000eab00000,0x00000000ec080000)
  from space 512K, 62% used [0x00000000ecb80000,0x00000000ecbd0000,0x00000000ecc00000)
  to   space 1024K, 0% used [0x00000000eca00000,0x00000000eca00000,0x00000000ecb00000)
 ParOldGen       total 106496K, used 23198K [0x00000000c0000000, 0x00000000c6800000, 0x00000000eab00000)
  object space 106496K, 21% used [0x00000000c0000000,0x00000000c16a7af8,0x00000000c6800000)
 Metaspace       used 27209K, committed 28032K, reserved 1114112K
  class space    used 2607K, committed 2944K, reserved 1048576K
}
Event: 10.308 GC heap before
{Heap before GC invocations=38 (full 1):
 PSYoungGen      total 22528K, used 22336K [0x00000000eab00000, 0x00000000ecc00000, 0x0000000100000000)
  eden space 22016K, 100% used [0x00000000eab00000,0x00000000ec080000,0x00000000ec080000)
  from space 512K, 62% used [0x00000000ecb80000,0x00000000ecbd0000,0x00000000ecc00000)
  to   space 1024K, 0% used [0x00000000eca00000,0x00000000eca00000,0x00000000ecb00000)
 ParOldGen       total 106496K, used 23198K [0x00000000c0000000, 0x00000000c6800000, 0x00000000eab00000)
  object space 106496K, 21% used [0x00000000c0000000,0x00000000c16a7af8,0x00000000c6800000)
 Metaspace       used 27356K, committed 28160K, reserved 1114112K
  class space    used 2622K, committed 2944K, reserved 1048576K
}
Event: 10.309 GC heap after
{Heap after GC invocations=38 (full 1):
 PSYoungGen      total 23040K, used 320K [0x00000000eab00000, 0x00000000ecc00000, 0x0000000100000000)
  eden space 22016K, 0% used [0x00000000eab00000,0x00000000eab00000,0x00000000ec080000)
  from space 1024K, 31% used [0x00000000eca00000,0x00000000eca50000,0x00000000ecb00000)
  to   space 512K, 0% used [0x00000000ecb80000,0x00000000ecb80000,0x00000000ecc00000)
 ParOldGen       total 106496K, used 23302K [0x00000000c0000000, 0x00000000c6800000, 0x00000000eab00000)
  object space 106496K, 21% used [0x00000000c0000000,0x00000000c16c1af8,0x00000000c6800000)
 Metaspace       used 27356K, committed 28160K, reserved 1114112K
  class space    used 2622K, committed 2944K, reserved 1048576K
}
Event: 10.615 GC heap before
{Heap before GC invocations=39 (full 1):
 PSYoungGen      total 23040K, used 22336K [0x00000000eab00000, 0x00000000ecc00000, 0x0000000100000000)
  eden space 22016K, 100% used [0x00000000eab00000,0x00000000ec080000,0x00000000ec080000)
  from space 1024K, 31% used [0x00000000eca00000,0x00000000eca50000,0x00000000ecb00000)
  to   space 512K, 0% used [0x00000000ecb80000,0x00000000ecb80000,0x00000000ecc00000)
 ParOldGen       total 106496K, used 23302K [0x00000000c0000000, 0x00000000c6800000, 0x00000000eab00000)
  object space 106496K, 21% used [0x00000000c0000000,0x00000000c16c1af8,0x00000000c6800000)
 Metaspace       used 29203K, committed 30080K, reserved 1114112K
  class space    used 2834K, committed 3200K, reserved 1048576K
}
Event: 10.618 GC heap after
{Heap after GC invocations=39 (full 1):
 PSYoungGen      total 22528K, used 496K [0x00000000eab00000, 0x00000000ecc00000, 0x0000000100000000)
  eden space 22016K, 0% used [0x00000000eab00000,0x00000000eab00000,0x00000000ec080000)
  from space 512K, 96% used [0x00000000ecb80000,0x00000000ecbfc010,0x00000000ecc00000)
  to   space 2048K, 0% used [0x00000000ec800000,0x00000000ec800000,0x00000000eca00000)
 ParOldGen       total 106496K, used 24174K [0x00000000c0000000, 0x00000000c6800000, 0x00000000eab00000)
  object space 106496K, 22% used [0x00000000c0000000,0x00000000c179baf8,0x00000000c6800000)
 Metaspace       used 29203K, committed 30080K, reserved 1114112K
  class space    used 2834K, committed 3200K, reserved 1048576K
}

