# JRE version: OpenJDK Runtime Environment Temurin-17.0.12+7 (17.0.12+7) (build 17.0.12+7)
# Java VM: OpenJDK 64-Bit Server VM Temurin-17.0.12+7 (17.0.12+7, mixed mode, emulated-client, sharing, tiered, compressed oops, compressed class ptrs, g1 gc, windows-amd64)
GC Precious Log:
 CPUs: 12 total, 12 available
 Memory: 5989M
 Large Page Support: Disabled
 NUMA Support: Disabled
 Compressed Oops: Enabled (32-bit)
 Heap Region Size: 1M
 Heap Min Capacity: 8M
 Heap Initial Capacity: 94M
 Heap Max Capacity: 1498M
 Pre-touch: Disabled
 Parallel Workers: 10
 Concurrent Workers: 3
 Concurrent Refinement Workers: 10
 Periodic GC: Disabled
Heap:
 garbage-first heap   total 124928K, used 84090K [0x00000000a2600000, 0x0000000100000000)
  region size 1024K, 36 young (36864K), 2 survivors (2048K)
 Metaspace       used 79772K, committed 80384K, reserved 1179648K
  class space    used 11364K, committed 11648K, reserved 1048576K
GC Heap History (20 events):
Event: 4079.337 GC heap after
{Heap after GC invocations=274 (full 3):
 garbage-first heap   total 124928K, used 51043K [0x00000000a2600000, 0x0000000100000000)
  region size 1024K, 4 young (4096K), 4 survivors (4096K)
 Metaspace       used 79717K, committed 80320K, reserved 1179648K
  class space    used 11355K, committed 11648K, reserved 1048576K
}
Event: 4095.991 GC heap before
{Heap before GC invocations=274 (full 3):
 garbage-first heap   total 124928K, used 105315K [0x00000000a2600000, 0x0000000100000000)
  region size 1024K, 57 young (58368K), 4 survivors (4096K)
 Metaspace       used 79717K, committed 80320K, reserved 1179648K
  class space    used 11355K, committed 11648K, reserved 1048576K
}
Event: 4095.997 GC heap after
{Heap after GC invocations=275 (full 3):
 garbage-first heap   total 124928K, used 50720K [0x00000000a2600000, 0x0000000100000000)
  region size 1024K, 3 young (3072K), 3 survivors (3072K)
 Metaspace       used 79717K, committed 80320K, reserved 1179648K
  class space    used 11355K, committed 11648K, reserved 1048576K
}
Event: 4112.286 GC heap before
{Heap before GC invocations=275 (full 3):
 garbage-first heap   total 124928K, used 106016K [0x00000000a2600000, 0x0000000100000000)
  region size 1024K, 57 young (58368K), 3 survivors (3072K)
 Metaspace       used 79717K, committed 80320K, reserved 1179648K
  class space    used 11355K, committed 11648K, reserved 1048576K
}
Event: 4112.290 GC heap after
{Heap after GC invocations=276 (full 3):
 garbage-first heap   total 124928K, used 50893K [0x00000000a2600000, 0x0000000100000000)
  region size 1024K, 3 young (3072K), 3 survivors (3072K)
 Metaspace       used 79717K, committed 80320K, reserved 1179648K
  class space    used 11355K, committed 11648K, reserved 1048576K
}
Event: 4128.865 GC heap before
{Heap before GC invocations=276 (full 3):
 garbage-first heap   total 124928K, used 106189K [0x00000000a2600000, 0x0000000100000000)
  region size 1024K, 57 young (58368K), 3 survivors (3072K)
 Metaspace       used 79717K, committed 80320K, reserved 1179648K
  class space    used 11355K, committed 11648K, reserved 1048576K
}
Event: 4128.869 GC heap after
{Heap after GC invocations=277 (full 3):
 garbage-first heap   total 124928K, used 50697K [0x00000000a2600000, 0x0000000100000000)
  region size 1024K, 3 young (3072K), 3 survivors (3072K)
 Metaspace       used 79717K, committed 80320K, reserved 1179648K
  class space    used 11355K, committed 11648K, reserved 1048576K
}
Event: 4145.971 GC heap before
{Heap before GC invocations=277 (full 3):
 garbage-first heap   total 124928K, used 105993K [0x00000000a2600000, 0x0000000100000000)
  region size 1024K, 57 young (58368K), 3 survivors (3072K)
 Metaspace       used 79717K, committed 80320K, reserved 1179648K
  class space    used 11355K, committed 11648K, reserved 1048576K
}
Event: 4145.977 GC heap after
{Heap after GC invocations=278 (full 3):
 garbage-first heap   total 124928K, used 50891K [0x00000000a2600000, 0x0000000100000000)
  region size 1024K, 3 young (3072K), 3 survivors (3072K)
 Metaspace       used 79717K, committed 80320K, reserved 1179648K
  class space    used 11355K, committed 11648K, reserved 1048576K
}
Event: 4163.662 GC heap before
{Heap before GC invocations=278 (full 3):
 garbage-first heap   total 124928K, used 106187K [0x00000000a2600000, 0x0000000100000000)
  region size 1024K, 57 young (58368K), 3 survivors (3072K)
 Metaspace       used 79717K, committed 80320K, reserved 1179648K
  class space    used 11355K, committed 11648K, reserved 1048576K
}
Event: 4163.668 GC heap after
{Heap after GC invocations=279 (full 3):
 garbage-first heap   total 124928K, used 50762K [0x00000000a2600000, 0x0000000100000000)
  region size 1024K, 3 young (3072K), 3 survivors (3072K)
 Metaspace       used 79717K, committed 80320K, reserved 1179648K
  class space    used 11355K, committed 11648K, reserved 1048576K
}
Event: 4187.525 GC heap before
{Heap before GC invocations=279 (full 3):
 garbage-first heap   total 124928K, used 106058K [0x00000000a2600000, 0x0000000100000000)
  region size 1024K, 57 young (58368K), 3 survivors (3072K)
 Metaspace       used 79717K, committed 80320K, reserved 1179648K
  class space    used 11355K, committed 11648K, reserved 1048576K
}
Event: 4187.548 GC heap after
{Heap after GC invocations=280 (full 3):
 garbage-first heap   total 124928K, used 50098K [0x00000000a2600000, 0x0000000100000000)
  region size 1024K, 2 young (2048K), 2 survivors (2048K)
 Metaspace       used 79717K, committed 80320K, reserved 1179648K
  class space    used 11355K, committed 11648K, reserved 1048576K
}
Event: 4204.925 GC heap before
{Heap before GC invocations=280 (full 3):
 garbage-first heap   total 124928K, used 105394K [0x00000000a2600000, 0x0000000100000000)
  region size 1024K, 56 young (57344K), 2 survivors (2048K)
 Metaspace       used 79717K, committed 80320K, reserved 1179648K
  class space    used 11355K, committed 11648K, reserved 1048576K
}
Event: 4204.949 GC heap after
{Heap after GC invocations=281 (full 3):
 garbage-first heap   total 124928K, used 49964K [0x00000000a2600000, 0x0000000100000000)
  region size 1024K, 2 young (2048K), 2 survivors (2048K)
 Metaspace       used 79717K, committed 80320K, reserved 1179648K
  class space    used 11355K, committed 11648K, reserved 1048576K
}
Event: 4221.952 GC heap before
{Heap before GC invocations=281 (full 3):
 garbage-first heap   total 124928K, used 105260K [0x00000000a2600000, 0x0000000100000000)
  region size 1024K, 56 young (57344K), 2 survivors (2048K)
 Metaspace       used 79717K, committed 80320K, reserved 1179648K
  class space    used 11355K, committed 11648K, reserved 1048576K
}
Event: 4221.957 GC heap after
{Heap after GC invocations=282 (full 3):
 garbage-first heap   total 124928K, used 49989K [0x00000000a2600000, 0x0000000100000000)
  region size 1024K, 2 young (2048K), 2 survivors (2048K)
 Metaspace       used 79717K, committed 80320K, reserved 1179648K
  class space    used 11355K, committed 11648K, reserved 1048576K
}
Event: 4244.410 GC heap before
{Heap before GC invocations=282 (full 3):
 garbage-first heap   total 124928K, used 106309K [0x00000000a2600000, 0x0000000100000000)
  region size 1024K, 57 young (58368K), 2 survivors (2048K)
 Metaspace       used 79717K, committed 80320K, reserved 1179648K
  class space    used 11355K, committed 11648K, reserved 1048576K
}
Event: 4244.417 GC heap after
{Heap after GC invocations=283 (full 3):
 garbage-first heap   total 124928K, used 50298K [0x00000000a2600000, 0x0000000100000000)
  region size 1024K, 2 young (2048K), 2 survivors (2048K)
 Metaspace       used 79717K, committed 80320K, reserved 1179648K
  class space    used 11355K, committed 11648K, reserved 1048576K
}
Event: 4274.627 GC heap before
{Heap before GC invocations=283 (full 3):
 garbage-first heap   total 124928K, used 84090K [0x00000000a2600000, 0x0000000100000000)
  region size 1024K, 36 young (36864K), 2 survivors (2048K)
 Metaspace       used 79772K, committed 80384K, reserved 1179648K
  class space    used 11364K, committed 11648K, reserved 1048576K
}

